<?xml version="1.0" encoding="UTF-8"?>
<testsuite xmlns:xsi="http://www.w3.org/2001/XMLSchema-instance" xsi:noNamespaceSchemaLocation="https://maven.apache.org/surefire/maven-surefire-plugin/xsd/surefire-test-report-3.0.xsd" version="3.0" name="com.gestionnaissances.database.DatabaseManagerTest" time="0.401" tests="4" errors="0" skipped="0" failures="0">
  <properties>
[...]
</properties>
  <testcase name="testPragmaForeignKeysActive" classname="com.gestionnaissances.database.DatabaseManagerTest" time="0.035">
    <system-out><![CDATA[[SQLite] Initialisation de la base terminée avec succès (jdbc:sqlite:naissances.db)
]]></system-out>
    <system-err><![CDATA[SLF4J: Failed to load class "org.slf4j.impl.StaticLoggerBinder".
SLF4J: Defaulting to no-operation (NOP) logger implementation
SLF4J: See http://www.slf4j.org/codes.html#StaticLoggerBinder for further details.
]]></system-err>
  </testcase>
  <testcase name="testPresenceDesSeptTablesObligatoires" classname="com.gestionnaissances.database.DatabaseManagerTest" time="0.005"/>
  <testcase name="testInitialisationIdempotente" classname="com.gestionnaissances.database.DatabaseManagerTest" time="0.019">
    <system-out><![CDATA[[SQLite] Initialisation de la base terminée avec succès (jdbc:sqlite:naissances.db)
[SQLite] Initialisation de la base terminée avec succès (jdbc:sqlite:naissances.db)
]]></system-out>
  </testcase>
  <testcase name="testConnexionEtInitialisation" classname="com.gestionnaissances.database.DatabaseManagerTest" time="0.003"/>
</testsuite>